<?xml version="1.0" encoding="UTF-8"?>
<testsuite xmlns:xsi="http://www.w3.org/2001/XMLSchema-instance" xsi:noNamespaceSchemaLocation="https://maven.apache.org/surefire/maven-surefire-plugin/xsd/surefire-test-report-3.0.xsd" version="3.0" name="TestSuite" time="123.832" tests="10" errors="0" skipped="0" failures="0">
  <properties>
[...]
</properties>
  <testcase name="step1_navigateToWebsite" classname="tests.CaseKaroTest" time="24.542">
    <system-out><![CDATA[...
... TestNG 7.9.0 by Cédric Beust (cedric@beust.com)
...

Page title: Phone Back Cover: Glass & Hard Case Rs.69 – Casekaro
✅ STEP 1 PASSED – Website loaded successfully
]]></system-out>
    <system-err><![CDATA[SLF4J: Failed to load class "org.slf4j.impl.StaticLoggerBinder".
SLF4J: Defaulting to no-operation (NOP) logger implementation
SLF4J: See http://www.slf4j.org/codes.html#StaticLoggerBinder for further details.
]]></system-err>
  </testcase>
  <testcase name="step2_clickMobileCovers" classname="tests.CaseKaroTest" time="1.377">
    <system-out><![CDATA[Current URL: https://casekaro.com/pages/phone-cases-by-model
✅ STEP 2 PASSED – Mobile Covers page loaded
]]></system-out>
  </testcase>
  <testcase name="step3_searchApple" classname="tests.CaseKaroTest" time="1.757">
    <system-out><![CDATA[Search URL: https://casekaro.com/search?q=Apple&type=product
✅ STEP 3 PASSED – Searched for Apple
]]></system-out>
  </testcase>
  <testcase name="step4_negativeValidationOtherBrands" classname="tests.CaseKaroTest" time="0.056">
    <system-out><![CDATA[Search results: [
              
                Spiral Cable Protector
              
            , 
            
              Spiral Cable Protector
            
          ]
✅ Verified: Samsung is not in results
✅ Verified: Vivo is not in results
✅ Verified: OnePlus is not in results
✅ Verified: Redmi is not in results
✅ Verified: Realme is not in results
✅ Verified: Oppo is not in results
✅ Verified: Moto is not in results
✅ Verified: Nokia is not in results
✅ STEP 4 PASSED – No other brands found in Apple search results
]]></system-out>
  </testcase>
  <testcase name="step5_clickAppleAndSelectIphone16Pro" classname="tests.CaseKaroTest" time="2.496">
    <system-out><![CDATA[Current URL: https://casekaro.com/collections/iphone-16-pro-back-covers
Products found: 48
✅ STEP 5 PASSED – iPhone 16 Pro collection loaded with 48 products
]]></system-out>
  </testcase>
  <testcase name="step6_clickChooseOptions" classname="tests.CaseKaroTest" time="18.89">
    <system-out><![CDATA[Product page URL: https://casekaro.com/products/classic-porsche-911-iphone-16-pro-back-cover
✅ STEP 6 PASSED – Product page opened: https://casekaro.com/products/classic-porsche-911-iphone-16-pro-back-cover
]]></system-out>
  </testcase>
  <testcase name="step7_addAllMaterialsToCart" classname="tests.CaseKaroTest" time="39.834">
    <system-out><![CDATA[✅ Added to cart: Hard
✅ Added to cart: Soft
✅ Added to cart: Glass
✅ STEP 7 PASSED – All 3 materials added to cart
]]></system-out>
  </testcase>
  <testcase name="step8_openCart" classname="tests.CaseKaroTest" time="13.574">
    <system-out><![CDATA[Cart URL: https://casekaro.com/cart
✅ STEP 8 PASSED – Cart page opened
]]></system-out>
  </testcase>
  <testcase name="step9_validateCartItems" classname="tests.CaseKaroTest" time="0.115">
    <system-out><![CDATA[Cart content: [
                        
                          
                            
                             
                            
                          
                        

                        Classic Porsche 911 iPhone 16 Pro Back Cover
                              ₹ 249.00
                            
                                    Material:
                                    
                                      Glass
                                    
                                  

                            
                        

                        




  
    
  


                                ₹ 249.00
                              
                        
                          
                            
                              
                                
                                  
                                    Decrease quantity for Classic Porsche 911 iPhone 16 Pro Back Cover
                                    
  


                                  
                                  
                                  
                                    Increase quantity for Classic Porsche 911 iPhone 16 Pro Back Cover
                                    
  


                                  
                                
                              
                              
                                
                                  
  
  


                                
                              
                            
                              
                              
                                
                                
                                
                                
                              
                            
                          
                        
                      , 
                        
                          
                            
                             
                            
                          
                        

                        Classic Porsche 911 iPhone 16 Pro Back Cover
                              ₹ 149.00
                            
                                    Material:
                                    
                                      Black Soft
                                    
                                  

                            
                        

                        




  
    
  


                                ₹ 149.00
                              
                        
                          
                            
                              
                                
                                  
                                    Decrease quantity for Classic Porsche 911 iPhone 16 Pro Back Cover
                                    
  


                                  
                                  
                                  
                                    Increase quantity for Classic Porsche 911 iPhone 16 Pro Back Cover
                                    
  


                                  
                                
                              
                              
                                
                                  
  
  


                                
                              
                            
                              
                              
                                
                                
                                
                                
                              
                            
                          
                        
                      , 
                        
                          
                            
                             
                            
                          
                        

                        Classic Porsche 911 iPhone 16 Pro Back Cover
                              ₹ 69.00
                            
                                    Material:
                                    
                                      Hard
                                    
                                  

                            
                        

                        




  
    
  


                                ₹ 69.00
                              
                        
                          
                            
                              
                                
                                  
                                    Decrease quantity for Classic Porsche 911 iPhone 16 Pro Back Cover
                                    
  


                                  
                                  
                                  
                                    Increase quantity for Classic Porsche 911 iPhone 16 Pro Back Cover
                                    
  


                                  
                                
                              
                              
                                
                                  
  
  


                                
                              
                            
                              
                              
                                
                                
                                
                                
                              
                            
                          
                        
                      , 
                    
                      
                        
                         
                        
                          
                        
                      
                    

                    Classic Porsche 911 iPhone 16 Pro Back Cover
                          ₹ 249.00
                        
                                Material:
                                Glass
                              

                        
                    

                    




  
    
  


                            ₹ 249.00
                          
                    
                      
                        
                          
                            Quantity
                          
                          
                              
                                Decrease quantity for Classic Porsche 911 iPhone 16 Pro Back Cover
                                
  


                              
                              
                              
                                Increase quantity for Classic Porsche 911 iPhone 16 Pro Back Cover
                                
  


                              
                            
                          
                          
                            
                              
  
  


                            
                          
                        
                          
                          
                            
                            
                            
                            
                          
                        
                      
                    

                    




  
    
  


                            ₹ 249.00
                          
                    
                  , 
                    
                      
                        
                         
                        
                          
                        
                      
                    

                    Classic Porsche 911 iPhone 16 Pro Back Cover
                          ₹ 149.00
                        
                                Material:
                                Black Soft
                              

                        
                    

                    




  
    
  


                            ₹ 149.00
                          
                    
                      
                        
                          
                            Quantity
                          
                          
                              
                                Decrease quantity for Classic Porsche 911 iPhone 16 Pro Back Cover
                                
  


                              
                              
                              
                                Increase quantity for Classic Porsche 911 iPhone 16 Pro Back Cover
                                
  


                              
                            
                          
                          
                            
                              
  
  


                            
                          
                        
                          
                          
                            
                            
                            
                            
                          
                        
                      
                    

                    




  
    
  


                            ₹ 149.00
                          
                    
                  , 
                    
                      
                        
                         
                        
                          
                        
                      
                    

                    Classic Porsche 911 iPhone 16 Pro Back Cover
                          ₹ 69.00
                        
                                Material:
                                Hard
                              

                        
                    

                    




  
    
  


                            ₹ 69.00
                          
                    
                      
                        
                          
                            Quantity
                          
                          
                              
                                Decrease quantity for Classic Porsche 911 iPhone 16 Pro Back Cover
                                
  


                              
                              
                              
                                Increase quantity for Classic Porsche 911 iPhone 16 Pro Back Cover
                                
  


                              
                            
                          
                          
                            
                              
  
  


                            
                          
                        
                          
                          
                            
                            
                            
                            
                          
                        
                      
                    

                    




  
    
  


                            ₹ 69.00
                          
                    
                  ]
Total items in cart: 6
✅ STEP 9 PASSED – All 3 materials found in cart
]]></system-out>
  </testcase>
  <testcase name="step10_printCartItemDetails" classname="tests.CaseKaroTest" time="0.238">
    <system-out><![CDATA[
======================================
        CART ITEMS DETAILS            
======================================

Item 1:
  Name     : Classic Porsche 911 iPhone 16 Pro Back Cover
  Material : Glass
  Price    : ₹ 249.00
  Link     : https://casekaro.com/products/classic-porsche-911-iphone-16-pro-back-cover?variant=41955668263030

Item 2:
  Name     : Classic Porsche 911 iPhone 16 Pro Back Cover
  Material : Black
  Price    : ₹ 149.00
  Link     : https://casekaro.com/products/classic-porsche-911-iphone-16-pro-back-cover?variant=42318070382710

Item 3:
  Name     : Classic Porsche 911 iPhone 16 Pro Back Cover
  Material : Hard
  Price    : ₹ 69.00
  Link     : https://casekaro.com/products/classic-porsche-911-iphone-16-pro-back-cover?variant=41955668197494

Item 4:
  Name     : Classic Porsche 911 iPhone 16 Pro Back Cover
  Material : Glass
  Price    : ₹ 249.00
  Link     : https://casekaro.com/products/classic-porsche-911-iphone-16-pro-back-cover?variant=41955668263030

Item 5:
  Name     : Classic Porsche 911 iPhone 16 Pro Back Cover
  Material : Black
  Price    : ₹ 149.00
  Link     : https://casekaro.com/products/classic-porsche-911-iphone-16-pro-back-cover?variant=42318070382710

Item 6:
  Name     : Classic Porsche 911 iPhone 16 Pro Back Cover
  Material : Hard
  Price    : ₹ 69.00
  Link     : https://casekaro.com/products/classic-porsche-911-iphone-16-pro-back-cover?variant=41955668197494

======================================
✅ STEP 10 PASSED – All item details printed
]]></system-out>
  </testcase>
</testsuite>