<?xml version="1.0" encoding="UTF-8"?>
<testng-results ignored="0" total="10" passed="10" failed="0" skipped="0">
  <reporter-output>
  </reporter-output>
  <suite started-at="2026-03-04T10:30:01 IST" name="CaseKaro Test Suite" finished-at="2026-03-04T10:32:03 IST" duration-ms="122605">
    <groups>
    </groups>
    <test started-at="2026-03-04T10:30:01 IST" name="CaseKaro Shopping Flow" finished-at="2026-03-04T10:32:03 IST" duration-ms="122605">
      <class name="tests.CaseKaroTest">
        <test-method is-config="true" signature="setup()[pri:0, instance:tests.CaseKaroTest@10e41621]" started-at="2026-03-04T10:30:01 IST" name="setup" finished-at="2026-03-04T10:30:19 IST" duration-ms="18638" status="PASS">
          <reporter-output>
          </reporter-output>
        </test-method> <!-- setup -->
        <test-method signature="step1_navigateToWebsite()[pri:1, instance:tests.CaseKaroTest@10e41621]" started-at="2026-03-04T10:30:19 IST" name="step1_navigateToWebsite" finished-at="2026-03-04T10:30:44 IST" duration-ms="24539" status="PASS">
          <reporter-output>
          </reporter-output>
        </test-method> <!-- step1_navigateToWebsite -->
        <test-method signature="step2_clickMobileCovers()[pri:2, instance:tests.CaseKaroTest@10e41621]" started-at="2026-03-04T10:30:44 IST" name="step2_clickMobileCovers" finished-at="2026-03-04T10:30:45 IST" depends-on-methods="tests.CaseKaroTest.step1_navigateToWebsite" duration-ms="1366" status="PASS">
          <reporter-output>
          </reporter-output>
        </test-method> <!-- step2_clickMobileCovers -->
        <test-method signature="step3_searchApple()[pri:3, instance:tests.CaseKaroTest@10e41621]" started-at="2026-03-04T10:30:45 IST" name="step3_searchApple" finished-at="2026-03-04T10:30:47 IST" depends-on-methods="tests.CaseKaroTest.step2_clickMobileCovers" duration-ms="1748" status="PASS">
          <reporter-output>
          </reporter-output>
        </test-method> <!-- step3_searchApple -->
        <test-method signature="step4_negativeValidationOtherBrands()[pri:4, instance:tests.CaseKaroTest@10e41621]" started-at="2026-03-04T10:30:47 IST" name="step4_negativeValidationOtherBrands" finished-at="2026-03-04T10:30:47 IST" depends-on-methods="tests.CaseKaroTest.step3_searchApple" duration-ms="56" status="PASS">
          <reporter-output>
          </reporter-output>
        </test-method> <!-- step4_negativeValidationOtherBrands -->
        <test-method signature="step5_clickAppleAndSelectIphone16Pro()[pri:5, instance:tests.CaseKaroTest@10e41621]" started-at="2026-03-04T10:30:47 IST" name="step5_clickAppleAndSelectIphone16Pro" finished-at="2026-03-04T10:30:50 IST" depends-on-methods="tests.CaseKaroTest.step4_negativeValidationOtherBrands" duration-ms="2503" status="PASS">
          <reporter-output>
          </reporter-output>
        </test-method> <!-- step5_clickAppleAndSelectIphone16Pro -->
        <test-method signature="step6_clickChooseOptions()[pri:6, instance:tests.CaseKaroTest@10e41621]" started-at="2026-03-04T10:30:50 IST" name="step6_clickChooseOptions" finished-at="2026-03-04T10:31:09 IST" depends-on-methods="tests.CaseKaroTest.step5_clickAppleAndSelectIphone16Pro" duration-ms="18886" status="PASS">
          <reporter-output>
          </reporter-output>
        </test-method> <!-- step6_clickChooseOptions -->
        <test-method signature="step7_addAllMaterialsToCart()[pri:7, instance:tests.CaseKaroTest@10e41621]" started-at="2026-03-04T10:31:09 IST" name="step7_addAllMaterialsToCart" finished-at="2026-03-04T10:31:48 IST" depends-on-methods="tests.CaseKaroTest.step6_clickChooseOptions" duration-ms="39834" status="PASS">
          <reporter-output>
          </reporter-output>
        </test-method> <!-- step7_addAllMaterialsToCart -->
        <test-method signature="step8_openCart()[pri:8, instance:tests.CaseKaroTest@10e41621]" started-at="2026-03-04T10:31:48 IST" name="step8_openCart" finished-at="2026-03-04T10:32:02 IST" depends-on-methods="tests.CaseKaroTest.step7_addAllMaterialsToCart" duration-ms="13573" status="PASS">
          <reporter-output>
          </reporter-output>
        </test-method> <!-- step8_openCart -->
        <test-method signature="step9_validateCartItems()[pri:9, instance:tests.CaseKaroTest@10e41621]" started-at="2026-03-04T10:32:02 IST" name="step9_validateCartItems" finished-at="2026-03-04T10:32:02 IST" depends-on-methods="tests.CaseKaroTest.step8_openCart" duration-ms="100" status="PASS">
          <reporter-output>
          </reporter-output>
        </test-method> <!-- step9_validateCartItems -->
        <test-method signature="step10_printCartItemDetails()[pri:10, instance:tests.CaseKaroTest@10e41621]" started-at="2026-03-04T10:32:02 IST" name="step10_printCartItemDetails" finished-at="2026-03-04T10:32:02 IST" depends-on-methods="tests.CaseKaroTest.step9_validateCartItems" duration-ms="240" status="PASS">
          <reporter-output>
          </reporter-output>
        </test-method> <!-- step10_printCartItemDetails -->
        <test-method is-config="true" signature="teardown()[pri:0, instance:tests.CaseKaroTest@10e41621]" started-at="2026-03-04T10:32:02 IST" name="teardown" finished-at="2026-03-04T10:32:03 IST" duration-ms="1006" status="PASS">
          <reporter-output>
          </reporter-output>
        </test-method> <!-- teardown -->
      </class> <!-- tests.CaseKaroTest -->
    </test> <!-- CaseKaro Shopping Flow -->
  </suite> <!-- CaseKaro Test Suite -->
</testng-results>
