<?xml version="1.0" encoding="UTF-8"?>
<!-- Generated by org.testng.reporters.JUnitReportReporter -->
<testsuite hostname="LAPTOP-O6A1IH97" failures="0" tests="10" name="tests.CaseKaroTest" time="102.845" errors="0" timestamp="2026-03-04T10:32:04 IST" skipped="0">
  <testcase classname="tests.CaseKaroTest" name="step1_navigateToWebsite" time="24.539"/>
  <testcase classname="tests.CaseKaroTest" name="step2_clickMobileCovers" time="1.366"/>
  <testcase classname="tests.CaseKaroTest" name="step3_searchApple" time="1.748"/>
  <testcase classname="tests.CaseKaroTest" name="step4_negativeValidationOtherBrands" time="0.056"/>
  <testcase classname="tests.CaseKaroTest" name="step5_clickAppleAndSelectIphone16Pro" time="2.503"/>
  <testcase classname="tests.CaseKaroTest" name="step6_clickChooseOptions" time="18.886"/>
  <testcase classname="tests.CaseKaroTest" name="step7_addAllMaterialsToCart" time="39.834"/>
  <testcase classname="tests.CaseKaroTest" name="step8_openCart" time="13.573"/>
  <testcase classname="tests.CaseKaroTest" name="step9_validateCartItems" time="0.100"/>
  <testcase classname="tests.CaseKaroTest" name="step10_printCartItemDetails" time="0.240"/>
</testsuite> <!-- tests.CaseKaroTest -->
